\BOOKMARK [1][-]{section.1}{Introduction}{}% 1
\BOOKMARK [2][-]{subsection.1.1}{Short overview}{section.1}% 2
\BOOKMARK [2][-]{subsection.1.2}{Contributions}{section.1}% 3
\BOOKMARK [1][-]{section.2}{Code Metrics}{}% 4
\BOOKMARK [2][-]{subsection.2.1}{Plots of CodeMR}{section.2}% 5
\BOOKMARK [2][-]{subsection.2.2}{Metric analysis}{section.2}% 6
\BOOKMARK [3][-]{subsubsection.2.2.1}{Metric based enlightenment}{subsection.2.2}% 7
\BOOKMARK [3][-]{subsubsection.2.2.2}{Lack of cohesion}{subsection.2.2}% 8
\BOOKMARK [3][-]{subsubsection.2.2.3}{Coupling}{subsection.2.2}% 9
\BOOKMARK [3][-]{subsubsection.2.2.4}{Nested block depth}{subsection.2.2}% 10
\BOOKMARK [3][-]{subsubsection.2.2.5}{Instability}{subsection.2.2}% 11
\BOOKMARK [3][-]{subsubsection.2.2.6}{McCabe cyclomatic complexity}{subsection.2.2}% 12
\BOOKMARK [1][-]{section.3}{Refactoring Narrative}{}% 13
\BOOKMARK [2][-]{subsection.3.1}{}{section.3}% 14
\BOOKMARK [1][-]{section.4}{Structure of the New Code}{}% 15
\BOOKMARK [2][-]{subsection.4.1}{Overall Structure}{section.4}% 16
\BOOKMARK [2][-]{subsection.4.2}{The primary classes}{section.4}% 17
\BOOKMARK [2][-]{subsection.4.3}{Describing Specific Classes}{section.4}% 18
\BOOKMARK [3][-]{subsubsection.4.3.1}{AddPartyView}{subsection.4.3}% 19
\BOOKMARK [3][-]{subsubsection.4.3.2}{Alley}{subsection.4.3}% 20
\BOOKMARK [3][-]{subsubsection.4.3.3}{BowlerFile}{subsection.4.3}% 21
\BOOKMARK [3][-]{subsubsection.4.3.4}{Bowler}{subsection.4.3}% 22
\BOOKMARK [3][-]{subsubsection.4.3.5}{BowlerScorer}{subsection.4.3}% 23
\BOOKMARK [3][-]{subsubsection.4.3.6}{BowlerScorerTest}{subsection.4.3}% 24
\BOOKMARK [3][-]{subsubsection.4.3.7}{BowlerScoreView}{subsection.4.3}% 25
\BOOKMARK [1][-]{section.5}{Issues with the Old Code}{}% 26
\BOOKMARK [2][-]{subsection.5.1}{LANE - the "God class"}{section.5}% 27
\BOOKMARK [2][-]{subsection.5.2}{Code repeated throughout codebase}{section.5}% 28
\BOOKMARK [2][-]{subsection.5.3}{Repetition of Code}{section.5}% 29
\BOOKMARK [2][-]{subsection.5.4}{Misplaced Observer pattern logic}{section.5}% 30
\BOOKMARK [2][-]{subsection.5.5}{Reinventing the wheel}{section.5}% 31
\BOOKMARK [2][-]{subsection.5.6}{Minor issues}{section.5}% 32
\BOOKMARK [3][-]{subsubsection.5.6.1}{Overly Broad access specifiers}{subsection.5.6}% 33
\BOOKMARK [3][-]{subsubsection.5.6.2}{Badly Written Loops and Conditionals}{subsection.5.6}% 34
\BOOKMARK [3][-]{subsubsection.5.6.3}{Outdated Vector collection used}{subsection.5.6}% 35
\BOOKMARK [3][-]{subsubsection.5.6.4}{Comment-based version control}{subsection.5.6}% 36
\BOOKMARK [3][-]{subsubsection.5.6.5}{Useless comments}{subsection.5.6}% 37
\BOOKMARK [3][-]{subsubsection.5.6.6}{Bad identifier names}{subsection.5.6}% 38
\BOOKMARK [3][-]{subsubsection.5.6.7}{IntelliJ ne jo bhi bola}{subsection.5.6}% 39
\BOOKMARK [1][-]{section.6}{New features}{}% 40
\BOOKMARK [2][-]{subsection.6.1}{Maximum player}{section.6}% 41
\BOOKMARK [2][-]{subsection.6.2}{Ad-hoc queries on user data}{section.6}% 42
\BOOKMARK [2][-]{subsection.6.3}{Pause and resume games on a Lane}{section.6}% 43
